Using pre-set license
Built from '2021.3/staging' branch; Version is '2021.3.3f1 (af2e63e8f9bd) revision 11480675'; Using compiler version '192829333'; Build Type 'Release'
OS: 'Windows 10  (10.0.19044) 64bit Core' Language: 'en' Physical Memory: 16252 MB
BatchMode: 1, IsHumanControllingUs: 0, StartBugReporterOnCrash: 0, Is64bit: 1, IsPro: 1

COMMAND LINE ARGUMENTS:
C:\Program Files (x86)\2021.3.3f1\Editor\Unity.exe
-adb2
-batchMode
-noUpm
-name
AssetImportWorker2
-projectPath
C:/Users/Seaki/Desktop/Git/Schoolwork/BobbleheadWars
-logFile
Logs/AssetImportWorker2.log
-srvPort
64284
Successfully changed project path to: C:/Users/Seaki/Desktop/Git/Schoolwork/BobbleheadWars
C:/Users/Seaki/Desktop/Git/Schoolwork/BobbleheadWars
[UnityMemory] Configuration Parameters - Can be set up in boot.config
    "memorysetup-bucket-allocator-granularity=16"
    "memorysetup-bucket-allocator-bucket-count=8"
    "memorysetup-bucket-allocator-block-size=33554432"
    "memorysetup-bucket-allocator-block-count=8"
    "memorysetup-main-allocator-block-size=16777216"
    "memorysetup-thread-allocator-block-size=16777216"
    "memorysetup-gfx-main-allocator-block-size=16777216"
    "memorysetup-gfx-thread-allocator-block-size=16777216"
    "memorysetup-cache-allocator-block-size=4194304"
    "memorysetup-typetree-allocator-block-size=2097152"
    "memorysetup-profiler-bucket-allocator-granularity=16"
    "memorysetup-profiler-bucket-allocator-bucket-count=8"
    "memorysetup-profiler-bucket-allocator-block-size=33554432"
    "memorysetup-profiler-bucket-allocator-block-count=8"
    "memorysetup-profiler-allocator-block-size=16777216"
    "memorysetup-profiler-editor-allocator-block-size=1048576"
    "memorysetup-temp-allocator-size-main=16777216"
    "memorysetup-job-temp-allocator-block-size=2097152"
    "memorysetup-job-temp-allocator-block-size-background=1048576"
    "memorysetup-job-temp-allocator-reduction-small-platforms=262144"
    "memorysetup-temp-allocator-size-background-worker=32768"
    "memorysetup-temp-allocator-size-job-worker=262144"
    "memorysetup-temp-allocator-size-preload-manager=33554432"
    "memorysetup-temp-allocator-size-nav-mesh-worker=65536"
    "memorysetup-temp-allocator-size-audio-worker=65536"
    "memorysetup-temp-allocator-size-cloud-worker=32768"
    "memorysetup-temp-allocator-size-gi-baking-worker=262144"
    "memorysetup-temp-allocator-size-gfx=262144"
Refreshing native plugins compatible for Editor in 1.56 ms, found 0 plugins.
Preloading 0 native plugins for Editor in 0.00 ms.
Initialize engine version: 2021.3.3f1 (af2e63e8f9bd)
[Subsystems] Discovering subsystems at path C:/Program Files (x86)/2021.3.3f1/Editor/Data/Resources/UnitySubsystems
[Subsystems] Discovering subsystems at path C:/Users/Seaki/Desktop/Git/Schoolwork/BobbleheadWars/Assets
GfxDevice: creating device client; threaded=0; jobified=0
Direct3D:
    Version:  Direct3D 11.0 [level 11.1]
    Renderer: NVIDIA GeForce RTX 2070 Super with Max-Q Design (ID=0x1e91)
    Vendor:   NVIDIA
    VRAM:     8012 MB
    Driver:   30.0.15.1165
Initialize mono
Mono path[0] = 'C:/Program Files (x86)/2021.3.3f1/Editor/Data/Managed'
Mono path[1] = 'C:/Program Files (x86)/2021.3.3f1/Editor/Data/MonoBleedingEdge/lib/mono/unityjit-win32'
Mono config path = 'C:/Program Files (x86)/2021.3.3f1/Editor/Data/MonoBleedingEdge/etc'
Using monoOptions --debugger-agent=transport=dt_socket,embedding=1,server=y,suspend=n,address=127.0.0.1:56128
Begin MonoManager ReloadAssembly
Registering precompiled unity dll's ...
Register platform support module: C:/Program Files (x86)/2021.3.3f1/Editor/Data/PlaybackEngines/WindowsStandaloneSupport/UnityEditor.WindowsStandalone.Extensions.dll
Register platform support module: C:/Program Files (x86)/2021.3.3f1/Editor/Data/PlaybackEngines/MetroSupport/UnityEditor.UWP.Extensions.dll
Registered in 0.032290 seconds.
Native extension for UWP target not found
Native extension for WindowsStandalone target not found
Refreshing native plugins compatible for Editor in 1.30 ms, found 0 plugins.
Preloading 0 native plugins for Editor in 0.00 ms.
Mono: successfully reloaded assembly
- Completed reload, in  0.606 seconds
Domain Reload Profiling:
	ReloadAssembly (606ms)
		BeginReloadAssembly (84ms)
			ExecutionOrderSort (0ms)
			DisableScriptedObjects (0ms)
			BackupInstance (0ms)
			ReleaseScriptingObjects (0ms)
			CreateAndSetChildDomain (1ms)
		EndReloadAssembly (363ms)
			LoadAssemblies (81ms)
			RebuildTransferFunctionScriptingTraits (0ms)
			SetupTypeCache (94ms)
			ReleaseScriptCaches (0ms)
			RebuildScriptCaches (27ms)
			SetupLoadedEditorAssemblies (194ms)
				LogAssemblyErrors (0ms)
				InitializePlatformSupportModulesInManaged (8ms)
				SetLoadedEditorAssemblies (0ms)
				RefreshPlugins (2ms)
				BeforeProcessingInitializeOnLoad (1ms)
				ProcessInitializeOnLoadAttributes (141ms)
				ProcessInitializeOnLoadMethodAttributes (42ms)
				AfterProcessingInitializeOnLoad (0ms)
				EditorAssembliesLoaded (0ms)
			ExecutionOrderSort2 (0ms)
			AwakeInstancesAfterBackupRestoration (0ms)
Platform modules already initialized, skipping
Registering precompiled user dll's ...
Registered in 0.000000 seconds.
Begin MonoManager ReloadAssembly
Native extension for UWP target not found
Native extension for WindowsStandalone target not found
Refreshing native plugins compatible for Editor in 0.03 ms, found 0 plugins.
Preloading 0 native plugins for Editor in 0.00 ms.
Mono: successfully reloaded assembly
- Completed reload, in  0.596 seconds
Domain Reload Profiling:
	ReloadAssembly (597ms)
		BeginReloadAssembly (111ms)
			ExecutionOrderSort (0ms)
			DisableScriptedObjects (6ms)
			BackupInstance (0ms)
			ReleaseScriptingObjects (0ms)
			CreateAndSetChildDomain (16ms)
		EndReloadAssembly (417ms)
			LoadAssemblies (60ms)
			RebuildTransferFunctionScriptingTraits (0ms)
			SetupTypeCache (104ms)
			ReleaseScriptCaches (0ms)
			RebuildScriptCaches (29ms)
			SetupLoadedEditorAssemblies (187ms)
				LogAssemblyErrors (0ms)
				InitializePlatformSupportModulesInManaged (13ms)
				SetLoadedEditorAssemblies (0ms)
				RefreshPlugins (0ms)
				BeforeProcessingInitializeOnLoad (20ms)
				ProcessInitializeOnLoadAttributes (128ms)
				ProcessInitializeOnLoadMethodAttributes (17ms)
				AfterProcessingInitializeOnLoad (8ms)
				EditorAssembliesLoaded (0ms)
			ExecutionOrderSort2 (0ms)
			AwakeInstancesAfterBackupRestoration (6ms)
Platform modules already initialized, skipping
========================================================================
Worker process is ready to serve import requests
Launched and connected shader compiler UnityShaderCompiler.exe after 0.03 seconds
Refreshing native plugins compatible for Editor in 0.03 ms, found 0 plugins.
Preloading 0 native plugins for Editor in 0.00 ms.
Unloading 15 Unused Serialized files (Serialized files now loaded: 0)
Unloading 2 unused Assets / (56.5 KB). Loaded Objects now: 486.
Memory consumption went from 22.8 MB to 22.7 MB.
Total: 1.773400 ms (FindLiveObjects: 0.037700 ms CreateObjectMapping: 0.003100 ms MarkObjects: 1.662700 ms  DeleteObjects: 0.069100 ms)

AssetImportParameters requested are different than current active one (requested -> active):
  custom:video-decoder-ogg-theora: a1e56fd34408186e4bbccfd4996cb3dc -> 
  custom:container-muxer-webm: aa71ff27fc2769a1b78a27578f13a17b -> 
  custom:container-demuxer-webm: 4f35f7cbe854078d1ac9338744f61a02 -> 
  custom:video-encoder-webm-vp8: eb34c28f22e8b96e1ab97ce403110664 -> 
  custom:video-codec-MediaFoundation-h265: 746d11721c4dcdbdad8f713fa42b33f4 -> 
  custom:audio-encoder-webm-vorbis: bf7c407c2cedff20999df2af8eb42d56 -> 
  custom:framework-win-MediaFoundation: 216162199b28c13a410421893ffa2e32 -> 
  custom:container-demuxer-ogg: 62fdf1f143b41e24485cea50d1cbac27 -> 
  custom:video-decoder-webm-vp8: 9c59270c3fd7afecdb556c50c9e8de78 -> 
  custom:audio-decoder-ogg-vorbis: bf7c407c2cedff20999df2af8eb42d56 -> 
========================================================================
Received Import Request.
  Time since last request: 825874.287717 seconds.
  path: Assets/Models/Materials
  artifactKey: Guid(1989d975edab2441580c755665b4b3a1) Importer(815301076,1909f56bfc062723c751e8b465ee728b)
Start importing Assets/Models/Materials using Guid(1989d975edab2441580c755665b4b3a1) Importer(815301076,1909f56bfc062723c751e8b465ee728b)  -> (artifact id: '1dbeb8c4c9993074a25835060fb639ce') in 0.003040 seconds 
========================================================================
Received Import Request.
  Time since last request: 1.212943 seconds.
  path: Assets/Prefabs/Alien.prefab
  artifactKey: Guid(497131be2a6d08444b49c1186a9396a1) Importer(815301076,1909f56bfc062723c751e8b465ee728b)
Start importing Assets/Prefabs/Alien.prefab using Guid(497131be2a6d08444b49c1186a9396a1) Importer(815301076,1909f56bfc062723c751e8b465ee728b)  -> (artifact id: '9c590adfbf1ae1a00d01d667bfc50016') in 0.114957 seconds 
========================================================================
Received Import Request.
  Time since last request: 19.520400 seconds.
  path: Assets/Materials/Import/Pickup
  artifactKey: Guid(cf9188c0cf4be45f697167d50cbd60e8) Importer(815301076,1909f56bfc062723c751e8b465ee728b)
Start importing Assets/Materials/Import/Pickup using Guid(cf9188c0cf4be45f697167d50cbd60e8) Importer(815301076,1909f56bfc062723c751e8b465ee728b)  -> (artifact id: '4aead5bc49c868d02dcacaac7c53f4bc') in 0.002972 seconds 
========================================================================
Received Import Request.
  Time since last request: 0.036390 seconds.
  path: Assets/Materials/Import/Pickup/glow.mat
  artifactKey: Guid(75665bb3aa2cb4109acae7cb6a2e3948) Importer(815301076,1909f56bfc062723c751e8b465ee728b)
Start importing Assets/Materials/Import/Pickup/glow.mat using Guid(75665bb3aa2cb4109acae7cb6a2e3948) Importer(815301076,1909f56bfc062723c751e8b465ee728b)  -> (artifact id: 'ed649a70048dd9f9848cc158e46132a8') in 0.025469 seconds 
========================================================================
Received Import Request.
  Time since last request: 1.377233 seconds.
  path: Assets/Materials/Import/Materials
  artifactKey: Guid(b7f8a595f37ad5c498b37874bb987297) Importer(815301076,1909f56bfc062723c751e8b465ee728b)
Start importing Assets/Materials/Import/Materials using Guid(b7f8a595f37ad5c498b37874bb987297) Importer(815301076,1909f56bfc062723c751e8b465ee728b)  -> (artifact id: '5263d5dbdfa65c5dd593395cdd31e7f6') in 0.002120 seconds 
========================================================================
Received Import Request.
  Time since last request: 0.081259 seconds.
  path: Assets/Materials/Import/Materials/BobbleArena-Main_Texture.mat
  artifactKey: Guid(b5f0e309658dfb9468ff9b8c1d68247e) Importer(815301076,1909f56bfc062723c751e8b465ee728b)
Start importing Assets/Materials/Import/Materials/BobbleArena-Main_Texture.mat using Guid(b5f0e309658dfb9468ff9b8c1d68247e) Importer(815301076,1909f56bfc062723c751e8b465ee728b)  -> (artifact id: '8e7c51a2282b449d7681a82dda233c87') in 0.009840 seconds 
========================================================================
Received Import Request.
  Time since last request: 0.000013 seconds.
  path: Assets/Materials/Import/Materials/BobbleEnemy-Head-Main Texture.mat
  artifactKey: Guid(30c5a5cf5a3f0f549b187bcca6d09e38) Importer(815301076,1909f56bfc062723c751e8b465ee728b)
Start importing Assets/Materials/Import/Materials/BobbleEnemy-Head-Main Texture.mat using Guid(30c5a5cf5a3f0f549b187bcca6d09e38) Importer(815301076,1909f56bfc062723c751e8b465ee728b)  -> (artifact id: 'fc5715f37aa5cce9fe9d52a02198bfa0') in 0.010451 seconds 
========================================================================
Received Import Request.
  Time since last request: 0.000013 seconds.
  path: Assets/Materials/Import/Materials/BobbleEnemy-Body-Main_Texture__Bobble_Wars_Enemy_texture_psd.mat
  artifactKey: Guid(e7e441e4dfda7ad46b0cae9387d49ace) Importer(815301076,1909f56bfc062723c751e8b465ee728b)
Start importing Assets/Materials/Import/Materials/BobbleEnemy-Body-Main_Texture__Bobble_Wars_Enemy_texture_psd.mat using Guid(e7e441e4dfda7ad46b0cae9387d49ace) Importer(815301076,1909f56bfc062723c751e8b465ee728b)  -> (artifact id: '2295816b55f157a68100f53eba94ab06') in 0.047799 seconds 
========================================================================
Received Import Request.
  Time since last request: 1.016082 seconds.
  path: Assets/Materials/Import/Enemy
  artifactKey: Guid(48814bb7640a84ab58721186d0df2ddd) Importer(815301076,1909f56bfc062723c751e8b465ee728b)
Start importing Assets/Materials/Import/Enemy using Guid(48814bb7640a84ab58721186d0df2ddd) Importer(815301076,1909f56bfc062723c751e8b465ee728b)  -> (artifact id: '2f50be261222a113551f5b59cea17d43') in 0.002573 seconds 
========================================================================
Received Import Request.
  Time since last request: 0.080116 seconds.
  path: Assets/Materials/Import/Enemy/BobbleEnemy-Body-Main_Texture.mat
  artifactKey: Guid(2128dd560149349ce90681c95c1cf21c) Importer(815301076,1909f56bfc062723c751e8b465ee728b)
Start importing Assets/Materials/Import/Enemy/BobbleEnemy-Body-Main_Texture.mat using Guid(2128dd560149349ce90681c95c1cf21c) Importer(815301076,1909f56bfc062723c751e8b465ee728b)  -> (artifact id: '61f1b0b2cb6c701dc5f87a2aba264d95') in 0.009984 seconds 
========================================================================
Received Import Request.
  Time since last request: 1.049207 seconds.
  path: Assets/Materials/Import/Arena
  artifactKey: Guid(c257116ff3c6abf4496c17aa4f6cfa37) Importer(815301076,1909f56bfc062723c751e8b465ee728b)
Start importing Assets/Materials/Import/Arena using Guid(c257116ff3c6abf4496c17aa4f6cfa37) Importer(815301076,1909f56bfc062723c751e8b465ee728b)  -> (artifact id: '68950e8a2283c0371a7f1860038f21ce') in 0.002301 seconds 
========================================================================
Received Import Request.
  Time since last request: 0.109953 seconds.
  path: Assets/Materials/Import/Arena/BobbleArena-Main_Texture.mat
  artifactKey: Guid(2741ffda7a2709f44b70f2f8cac74c18) Importer(815301076,1909f56bfc062723c751e8b465ee728b)
Start importing Assets/Materials/Import/Arena/BobbleArena-Main_Texture.mat using Guid(2741ffda7a2709f44b70f2f8cac74c18) Importer(815301076,1909f56bfc062723c751e8b465ee728b)  -> (artifact id: 'cb287344dcc4d5160d6432f1d88aa0d4') in 0.029329 seconds 
========================================================================
Received Import Request.
  Time since last request: 0.000017 seconds.
  path: Assets/Materials/Import/Arena/Material.mat
  artifactKey: Guid(ea3c0eadbe4cf47e49030fb1bef4f0f0) Importer(815301076,1909f56bfc062723c751e8b465ee728b)
Start importing Assets/Materials/Import/Arena/Material.mat using Guid(ea3c0eadbe4cf47e49030fb1bef4f0f0) Importer(815301076,1909f56bfc062723c751e8b465ee728b)  -> (artifact id: '06e4c67fe6ec8a14720792fb193cc542') in 0.051827 seconds 
========================================================================
Received Import Request.
  Time since last request: 0.000023 seconds.
  path: Assets/Materials/Import/Arena/Main_Material__Bobble_Wars_Marine_texture_psd.mat
  artifactKey: Guid(f479bc5d46a414f19bd0a558d9280efd) Importer(815301076,1909f56bfc062723c751e8b465ee728b)
Start importing Assets/Materials/Import/Arena/Main_Material__Bobble_Wars_Marine_texture_psd.mat using Guid(f479bc5d46a414f19bd0a558d9280efd) Importer(815301076,1909f56bfc062723c751e8b465ee728b)  -> (artifact id: '06b88d988c749a91a8f48b329b1af2a0') in 0.030690 seconds 
========================================================================
Received Import Request.
  Time since last request: 153.464707 seconds.
  path: Assets/Materials/Import/Arena/Main
  artifactKey: Guid(b71e084701ee24c7483e2d3fc86ff1a9) Importer(815301076,1909f56bfc062723c751e8b465ee728b)
Start importing Assets/Materials/Import/Arena/Main using Guid(b71e084701ee24c7483e2d3fc86ff1a9) Importer(815301076,1909f56bfc062723c751e8b465ee728b)  -> (artifact id: 'd44ca79e5d8b1013225c83d87d2f58e8') in 0.001776 seconds 
========================================================================
Received Import Request.
  Time since last request: 0.098399 seconds.
  path: Assets/Materials/Import/Arena/Main/BobbleArena-Main_Texture.mat
  artifactKey: Guid(6521ee6b5dbe741a58a740d38a202965) Importer(815301076,1909f56bfc062723c751e8b465ee728b)
Start importing Assets/Materials/Import/Arena/Main/BobbleArena-Main_Texture.mat using Guid(6521ee6b5dbe741a58a740d38a202965) Importer(815301076,1909f56bfc062723c751e8b465ee728b)  -> (artifact id: '973c9081ac5f5332972e644c573b30de') in 0.008323 seconds 
========================================================================
Received Import Request.
  Time since last request: 0.000014 seconds.
  path: Assets/Materials/Import/Arena/Main/BobbleArena-Material.mat
  artifactKey: Guid(cc453b58028a84bc18f652cc8db09f34) Importer(815301076,1909f56bfc062723c751e8b465ee728b)
Start importing Assets/Materials/Import/Arena/Main/BobbleArena-Material.mat using Guid(cc453b58028a84bc18f652cc8db09f34) Importer(815301076,1909f56bfc062723c751e8b465ee728b)  -> (artifact id: 'f4b7dba53d568b88bfd75f187d166ced') in 0.058738 seconds 
========================================================================
Received Import Request.
  Time since last request: 72.503981 seconds.
  path: Assets/Animations/AlienBody.controller
  artifactKey: Guid(3cbdfe66d38e6f941ab4660c1255242c) Importer(815301076,1909f56bfc062723c751e8b465ee728b)
Start importing Assets/Animations/AlienBody.controller using Guid(3cbdfe66d38e6f941ab4660c1255242c) Importer(815301076,1909f56bfc062723c751e8b465ee728b)  -> (artifact id: '34a9eb591e26b37de6129eea244466ab') in 0.003482 seconds 
